# Logfile created on 2014-01-01 16:46:04 -0800 by logger.rb/41954
I, [2014-01-01T16:46:04.788186 #13294]  INFO -- : 0:  rake (10.1.1) from /home/manish/.rvm/gems/ruby-2.0.0-p353@railstutorial_rails_4_0/specifications/rake-10.1.1.gemspec
I, [2014-01-01T16:46:04.788535 #13294]  INFO -- : 0:  i18n (0.6.9) from /home/manish/.rvm/gems/ruby-2.0.0-p353@railstutorial_rails_4_0/specifications/i18n-0.6.9.gemspec
I, [2014-01-01T16:46:04.788787 #13294]  INFO -- : 0:  minitest (4.7.5) from /home/manish/.rvm/gems/ruby-2.0.0-p353@railstutorial_rails_4_0/specifications/minitest-4.7.5.gemspec
I, [2014-01-01T16:46:04.789024 #13294]  INFO -- : 0:  multi_json (1.8.2) from /home/manish/.rvm/gems/ruby-2.0.0-p353@railstutorial_rails_4_0/specifications/multi_json-1.8.2.gemspec
I, [2014-01-01T16:46:04.789255 #13294]  INFO -- : 0:  atomic (1.1.14) from /home/manish/.rvm/gems/ruby-2.0.0-p353@railstutorial_rails_4_0/specifications/atomic-1.1.14.gemspec
I, [2014-01-01T16:46:04.789584 #13294]  INFO -- : 0:  thread_safe (0.1.3) from /home/manish/.rvm/gems/ruby-2.0.0-p353@railstutorial_rails_4_0/specifications/thread_safe-0.1.3.gemspec
I, [2014-01-01T16:46:04.789920 #13294]  INFO -- : 0:  tzinfo (0.3.38) from /home/manish/.rvm/gems/ruby-2.0.0-p353@railstutorial_rails_4_0/specifications/tzinfo-0.3.38.gemspec
I, [2014-01-01T16:46:04.790157 #13294]  INFO -- : 0:  activesupport (4.0.2) from /home/manish/.rvm/gems/ruby-2.0.0-p353@railstutorial_rails_4_0/specifications/activesupport-4.0.2.gemspec
I, [2014-01-01T16:46:04.790385 #13294]  INFO -- : 0:  builder (3.1.4) from /home/manish/.rvm/gems/ruby-2.0.0-p353@railstutorial_rails_4_0/specifications/builder-3.1.4.gemspec
I, [2014-01-01T16:46:04.790686 #13294]  INFO -- : 0:  erubis (2.7.0) from /home/manish/.rvm/gems/ruby-2.0.0-p353@railstutorial_rails_4_0/specifications/erubis-2.7.0.gemspec
I, [2014-01-01T16:46:04.790936 #13294]  INFO -- : 0:  rack (1.5.2) from /home/manish/.rvm/gems/ruby-2.0.0-p353@railstutorial_rails_4_0/specifications/rack-1.5.2.gemspec
I, [2014-01-01T16:46:04.791179 #13294]  INFO -- : 0:  rack-test (0.6.2) from /home/manish/.rvm/gems/ruby-2.0.0-p353@railstutorial_rails_4_0/specifications/rack-test-0.6.2.gemspec
I, [2014-01-01T16:46:04.791401 #13294]  INFO -- : 0:  actionpack (4.0.2) from /home/manish/.rvm/gems/ruby-2.0.0-p353@railstutorial_rails_4_0/specifications/actionpack-4.0.2.gemspec
I, [2014-01-01T16:46:04.791622 #13294]  INFO -- : 0:  mime-types (1.25.1) from /home/manish/.rvm/gems/ruby-2.0.0-p353@railstutorial_rails_4_0/specifications/mime-types-1.25.1.gemspec
I, [2014-01-01T16:46:04.791852 #13294]  INFO -- : 0:  polyglot (0.3.3) from /home/manish/.rvm/gems/ruby-2.0.0-p353@railstutorial_rails_4_0/specifications/polyglot-0.3.3.gemspec
I, [2014-01-01T16:46:04.792088 #13294]  INFO -- : 0:  treetop (1.4.15) from /home/manish/.rvm/gems/ruby-2.0.0-p353@railstutorial_rails_4_0/specifications/treetop-1.4.15.gemspec
I, [2014-01-01T16:46:04.792317 #13294]  INFO -- : 0:  mail (2.5.4) from /home/manish/.rvm/gems/ruby-2.0.0-p353@railstutorial_rails_4_0/specifications/mail-2.5.4.gemspec
I, [2014-01-01T16:46:04.792548 #13294]  INFO -- : 0:  actionmailer (4.0.2) from /home/manish/.rvm/gems/ruby-2.0.0-p353@railstutorial_rails_4_0/specifications/actionmailer-4.0.2.gemspec
I, [2014-01-01T16:46:04.792776 #13294]  INFO -- : 0:  activemodel (4.0.2) from /home/manish/.rvm/gems/ruby-2.0.0-p353@railstutorial_rails_4_0/specifications/activemodel-4.0.2.gemspec
I, [2014-01-01T16:46:04.793006 #13294]  INFO -- : 0:  activerecord-deprecated_finders (1.0.3) from /home/manish/.rvm/gems/ruby-2.0.0-p353@railstutorial_rails_4_0/specifications/activerecord-deprecated_finders-1.0.3.gemspec
I, [2014-01-01T16:46:04.793233 #13294]  INFO -- : 0:  arel (4.0.1) from /home/manish/.rvm/gems/ruby-2.0.0-p353@railstutorial_rails_4_0/specifications/arel-4.0.1.gemspec
I, [2014-01-01T16:46:04.793461 #13294]  INFO -- : 0:  activerecord (4.0.2) from /home/manish/.rvm/gems/ruby-2.0.0-p353@railstutorial_rails_4_0/specifications/activerecord-4.0.2.gemspec
I, [2014-01-01T16:46:04.793682 #13294]  INFO -- : 0:  bundler (1.5.1) from /home/manish/.rvm/gems/ruby-2.0.0-p353@global/specifications/bundler-1.5.1.gemspec
I, [2014-01-01T16:46:04.793921 #13294]  INFO -- : 0:  coffee-script-source (1.6.3) from /home/manish/.rvm/gems/ruby-2.0.0-p353@railstutorial_rails_4_0/specifications/coffee-script-source-1.6.3.gemspec
I, [2014-01-01T16:46:04.794147 #13294]  INFO -- : 0:  execjs (2.0.2) from /home/manish/.rvm/gems/ruby-2.0.0-p353@railstutorial_rails_4_0/specifications/execjs-2.0.2.gemspec
I, [2014-01-01T16:46:04.794375 #13294]  INFO -- : 0:  coffee-script (2.2.0) from /home/manish/.rvm/gems/ruby-2.0.0-p353@railstutorial_rails_4_0/specifications/coffee-script-2.2.0.gemspec
I, [2014-01-01T16:46:04.794618 #13294]  INFO -- : 0:  thor (0.18.1) from /home/manish/.rvm/gems/ruby-2.0.0-p353@railstutorial_rails_4_0/specifications/thor-0.18.1.gemspec
I, [2014-01-01T16:46:04.794832 #13294]  INFO -- : 0:  railties (4.0.2) from /home/manish/.rvm/gems/ruby-2.0.0-p353@railstutorial_rails_4_0/specifications/railties-4.0.2.gemspec
I, [2014-01-01T16:46:04.795047 #13294]  INFO -- : 0:  coffee-rails (4.0.1) from /home/manish/.rvm/gems/ruby-2.0.0-p353@railstutorial_rails_4_0/specifications/coffee-rails-4.0.1.gemspec
I, [2014-01-01T16:46:04.795259 #13294]  INFO -- : 0:  hike (1.2.3) from /home/manish/.rvm/gems/ruby-2.0.0-p353@railstutorial_rails_4_0/specifications/hike-1.2.3.gemspec
I, [2014-01-01T16:46:04.795480 #13294]  INFO -- : 0:  jbuilder (1.5.3) from /home/manish/.rvm/gems/ruby-2.0.0-p353@railstutorial_rails_4_0/specifications/jbuilder-1.5.3.gemspec
I, [2014-01-01T16:46:04.795692 #13294]  INFO -- : 0:  jquery-rails (3.0.4) from /home/manish/.rvm/gems/ruby-2.0.0-p353@railstutorial_rails_4_0/specifications/jquery-rails-3.0.4.gemspec
I, [2014-01-01T16:46:04.795910 #13294]  INFO -- : 0:  json (1.8.1) from /home/manish/.rvm/gems/ruby-2.0.0-p353@railstutorial_rails_4_0/specifications/json-1.8.1.gemspec
I, [2014-01-01T16:46:04.796121 #13294]  INFO -- : 0:  tilt (1.4.1) from /home/manish/.rvm/gems/ruby-2.0.0-p353@railstutorial_rails_4_0/specifications/tilt-1.4.1.gemspec
I, [2014-01-01T16:46:04.796333 #13294]  INFO -- : 0:  sprockets (2.10.1) from /home/manish/.rvm/gems/ruby-2.0.0-p353@railstutorial_rails_4_0/specifications/sprockets-2.10.1.gemspec
I, [2014-01-01T16:46:04.796546 #13294]  INFO -- : 0:  sprockets-rails (2.0.1) from /home/manish/.rvm/gems/ruby-2.0.0-p353@railstutorial_rails_4_0/specifications/sprockets-rails-2.0.1.gemspec
I, [2014-01-01T16:46:04.796757 #13294]  INFO -- : 0:  rails (4.0.2) from /home/manish/.rvm/gems/ruby-2.0.0-p353@railstutorial_rails_4_0/specifications/rails-4.0.2.gemspec
I, [2014-01-01T16:46:04.796976 #13294]  INFO -- : 0:  rdoc (3.12.2) from /home/manish/.rvm/gems/ruby-2.0.0-p353@railstutorial_rails_4_0/specifications/rdoc-3.12.2.gemspec
I, [2014-01-01T16:46:04.797188 #13294]  INFO -- : 0:  sass (3.2.13) from /home/manish/.rvm/gems/ruby-2.0.0-p353@railstutorial_rails_4_0/specifications/sass-3.2.13.gemspec
I, [2014-01-01T16:46:04.797401 #13294]  INFO -- : 0:  sass-rails (4.0.1) from /home/manish/.rvm/gems/ruby-2.0.0-p353@railstutorial_rails_4_0/specifications/sass-rails-4.0.1.gemspec
I, [2014-01-01T16:46:04.797612 #13294]  INFO -- : 0:  sdoc (0.3.20) from /home/manish/.rvm/gems/ruby-2.0.0-p353@railstutorial_rails_4_0/specifications/sdoc-0.3.20.gemspec
I, [2014-01-01T16:46:04.797824 #13294]  INFO -- : 0:  sqlite3 (1.3.8) from /home/manish/.rvm/gems/ruby-2.0.0-p353@railstutorial_rails_4_0/specifications/sqlite3-1.3.8.gemspec
I, [2014-01-01T16:46:04.798041 #13294]  INFO -- : 0:  turbolinks (2.1.0) from /home/manish/.rvm/gems/ruby-2.0.0-p353@railstutorial_rails_4_0/specifications/turbolinks-2.1.0.gemspec
I, [2014-01-01T16:46:04.798260 #13294]  INFO -- : 0:  uglifier (2.4.0) from /home/manish/.rvm/gems/ruby-2.0.0-p353@railstutorial_rails_4_0/specifications/uglifier-2.4.0.gemspec
I, [2014-01-01T16:54:04.150081 #13356]  INFO -- : 0:  rake (10.1.1) from /home/manish/.rvm/gems/ruby-2.0.0-p353@railstutorial_rails_4_0/specifications/rake-10.1.1.gemspec
I, [2014-01-01T16:54:04.150470 #13356]  INFO -- : 0:  i18n (0.6.9) from /home/manish/.rvm/gems/ruby-2.0.0-p353@railstutorial_rails_4_0/specifications/i18n-0.6.9.gemspec
I, [2014-01-01T16:54:04.150791 #13356]  INFO -- : 0:  minitest (4.7.5) from /home/manish/.rvm/gems/ruby-2.0.0-p353@railstutorial_rails_4_0/specifications/minitest-4.7.5.gemspec
I, [2014-01-01T16:54:04.151069 #13356]  INFO -- : 0:  multi_json (1.8.2) from /home/manish/.rvm/gems/ruby-2.0.0-p353@railstutorial_rails_4_0/specifications/multi_json-1.8.2.gemspec
I, [2014-01-01T16:54:04.151347 #13356]  INFO -- : 0:  atomic (1.1.14) from /home/manish/.rvm/gems/ruby-2.0.0-p353@railstutorial_rails_4_0/specifications/atomic-1.1.14.gemspec
I, [2014-01-01T16:54:04.151703 #13356]  INFO -- : 0:  thread_safe (0.1.3) from /home/manish/.rvm/gems/ruby-2.0.0-p353@railstutorial_rails_4_0/specifications/thread_safe-0.1.3.gemspec
I, [2014-01-01T16:54:04.152089 #13356]  INFO -- : 0:  tzinfo (0.3.38) from /home/manish/.rvm/gems/ruby-2.0.0-p353@railstutorial_rails_4_0/specifications/tzinfo-0.3.38.gemspec
I, [2014-01-01T16:54:04.152448 #13356]  INFO -- : 0:  activesupport (4.0.2) from /home/manish/.rvm/gems/ruby-2.0.0-p353@railstutorial_rails_4_0/specifications/activesupport-4.0.2.gemspec
I, [2014-01-01T16:54:04.152819 #13356]  INFO -- : 0:  builder (3.1.4) from /home/manish/.rvm/gems/ruby-2.0.0-p353@railstutorial_rails_4_0/specifications/builder-3.1.4.gemspec
I, [2014-01-01T16:54:04.153172 #13356]  INFO -- : 0:  erubis (2.7.0) from /home/manish/.rvm/gems/ruby-2.0.0-p353@railstutorial_rails_4_0/specifications/erubis-2.7.0.gemspec
I, [2014-01-01T16:54:04.153498 #13356]  INFO -- : 0:  rack (1.5.2) from /home/manish/.rvm/gems/ruby-2.0.0-p353@railstutorial_rails_4_0/specifications/rack-1.5.2.gemspec
I, [2014-01-01T16:54:04.153759 #13356]  INFO -- : 0:  rack-test (0.6.2) from /home/manish/.rvm/gems/ruby-2.0.0-p353@railstutorial_rails_4_0/specifications/rack-test-0.6.2.gemspec
I, [2014-01-01T16:54:04.153987 #13356]  INFO -- : 0:  actionpack (4.0.2) from /home/manish/.rvm/gems/ruby-2.0.0-p353@railstutorial_rails_4_0/specifications/actionpack-4.0.2.gemspec
I, [2014-01-01T16:54:04.154297 #13356]  INFO -- : 0:  mime-types (1.25.1) from /home/manish/.rvm/gems/ruby-2.0.0-p353@railstutorial_rails_4_0/specifications/mime-types-1.25.1.gemspec
I, [2014-01-01T16:54:04.154640 #13356]  INFO -- : 0:  polyglot (0.3.3) from /home/manish/.rvm/gems/ruby-2.0.0-p353@railstutorial_rails_4_0/specifications/polyglot-0.3.3.gemspec
I, [2014-01-01T16:54:04.154889 #13356]  INFO -- : 0:  treetop (1.4.15) from /home/manish/.rvm/gems/ruby-2.0.0-p353@railstutorial_rails_4_0/specifications/treetop-1.4.15.gemspec
I, [2014-01-01T16:54:04.155120 #13356]  INFO -- : 0:  mail (2.5.4) from /home/manish/.rvm/gems/ruby-2.0.0-p353@railstutorial_rails_4_0/specifications/mail-2.5.4.gemspec
I, [2014-01-01T16:54:04.155356 #13356]  INFO -- : 0:  actionmailer (4.0.2) from /home/manish/.rvm/gems/ruby-2.0.0-p353@railstutorial_rails_4_0/specifications/actionmailer-4.0.2.gemspec
I, [2014-01-01T16:54:04.155581 #13356]  INFO -- : 0:  activemodel (4.0.2) from /home/manish/.rvm/gems/ruby-2.0.0-p353@railstutorial_rails_4_0/specifications/activemodel-4.0.2.gemspec
I, [2014-01-01T16:54:04.155818 #13356]  INFO -- : 0:  activerecord-deprecated_finders (1.0.3) from /home/manish/.rvm/gems/ruby-2.0.0-p353@railstutorial_rails_4_0/specifications/activerecord-deprecated_finders-1.0.3.gemspec
I, [2014-01-01T16:54:04.156052 #13356]  INFO -- : 0:  arel (4.0.1) from /home/manish/.rvm/gems/ruby-2.0.0-p353@railstutorial_rails_4_0/specifications/arel-4.0.1.gemspec
I, [2014-01-01T16:54:04.156286 #13356]  INFO -- : 0:  activerecord (4.0.2) from /home/manish/.rvm/gems/ruby-2.0.0-p353@railstutorial_rails_4_0/specifications/activerecord-4.0.2.gemspec
I, [2014-01-01T16:54:04.156517 #13356]  INFO -- : 0:  bundler (1.5.1) from /home/manish/.rvm/gems/ruby-2.0.0-p353@global/specifications/bundler-1.5.1.gemspec
I, [2014-01-01T16:54:05.743208 #13356]  INFO -- : 0:  mini_portile (0.5.2) from /home/manish/.rvm/gems/ruby-2.0.0-p353@railstutorial_rails_4_0/specifications/mini_portile-0.5.2.gemspec
I, [2014-01-01T16:56:15.340501 #13356]  INFO -- : 0:  nokogiri (1.6.1) from /home/manish/.rvm/gems/ruby-2.0.0-p353@railstutorial_rails_4_0/specifications/nokogiri-1.6.1.gemspec
I, [2014-01-01T16:56:16.840854 #13356]  INFO -- : 0:  xpath (2.0.0) from /home/manish/.rvm/gems/ruby-2.0.0-p353@railstutorial_rails_4_0/specifications/xpath-2.0.0.gemspec
I, [2014-01-01T16:56:19.643187 #13356]  INFO -- : 0:  capybara (2.1.0) from /home/manish/.rvm/gems/ruby-2.0.0-p353@railstutorial_rails_4_0/specifications/capybara-2.1.0.gemspec
I, [2014-01-01T16:56:34.362659 #13356]  INFO -- : 0:  ffi (1.9.3) from /home/manish/.rvm/gems/ruby-2.0.0-p353@railstutorial_rails_4_0/specifications/ffi-1.9.3.gemspec
I, [2014-01-01T16:56:35.640952 #13356]  INFO -- : 0:  childprocess (0.3.9) from /home/manish/.rvm/gems/ruby-2.0.0-p353@railstutorial_rails_4_0/specifications/childprocess-0.3.9.gemspec
I, [2014-01-01T16:56:35.641506 #13356]  INFO -- : 0:  coffee-script-source (1.6.3) from /home/manish/.rvm/gems/ruby-2.0.0-p353@railstutorial_rails_4_0/specifications/coffee-script-source-1.6.3.gemspec
I, [2014-01-01T16:56:35.641782 #13356]  INFO -- : 0:  execjs (2.0.2) from /home/manish/.rvm/gems/ruby-2.0.0-p353@railstutorial_rails_4_0/specifications/execjs-2.0.2.gemspec
I, [2014-01-01T16:56:35.642041 #13356]  INFO -- : 0:  coffee-script (2.2.0) from /home/manish/.rvm/gems/ruby-2.0.0-p353@railstutorial_rails_4_0/specifications/coffee-script-2.2.0.gemspec
I, [2014-01-01T16:56:35.642289 #13356]  INFO -- : 0:  thor (0.18.1) from /home/manish/.rvm/gems/ruby-2.0.0-p353@railstutorial_rails_4_0/specifications/thor-0.18.1.gemspec
I, [2014-01-01T16:56:35.642606 #13356]  INFO -- : 0:  railties (4.0.2) from /home/manish/.rvm/gems/ruby-2.0.0-p353@railstutorial_rails_4_0/specifications/railties-4.0.2.gemspec
I, [2014-01-01T16:56:35.643412 #13356]  INFO -- : 0:  coffee-rails (4.0.1) from /home/manish/.rvm/gems/ruby-2.0.0-p353@railstutorial_rails_4_0/specifications/coffee-rails-4.0.1.gemspec
I, [2014-01-01T16:56:37.698413 #13356]  INFO -- : 0:  diff-lcs (1.2.5) from /home/manish/.rvm/gems/ruby-2.0.0-p353@railstutorial_rails_4_0/specifications/diff-lcs-1.2.5.gemspec
I, [2014-01-01T16:56:37.699557 #13356]  INFO -- : 0:  hike (1.2.3) from /home/manish/.rvm/gems/ruby-2.0.0-p353@railstutorial_rails_4_0/specifications/hike-1.2.3.gemspec
I, [2014-01-01T16:56:37.700374 #13356]  INFO -- : 0:  jbuilder (1.0.2) from /home/manish/.rvm/gems/ruby-2.0.0-p353@railstutorial_rails_4_0/specifications/jbuilder-1.0.2.gemspec
I, [2014-01-01T16:56:37.701147 #13356]  INFO -- : 0:  jquery-rails (3.0.4) from /home/manish/.rvm/gems/ruby-2.0.0-p353@railstutorial_rails_4_0/specifications/jquery-rails-3.0.4.gemspec
I, [2014-01-01T16:56:37.701923 #13356]  INFO -- : 0:  json (1.8.1) from /home/manish/.rvm/gems/ruby-2.0.0-p353@railstutorial_rails_4_0/specifications/json-1.8.1.gemspec
I, [2014-01-01T16:56:37.702749 #13356]  INFO -- : 0:  tilt (1.4.1) from /home/manish/.rvm/gems/ruby-2.0.0-p353@railstutorial_rails_4_0/specifications/tilt-1.4.1.gemspec
I, [2014-01-01T16:56:37.703523 #13356]  INFO -- : 0:  sprockets (2.10.1) from /home/manish/.rvm/gems/ruby-2.0.0-p353@railstutorial_rails_4_0/specifications/sprockets-2.10.1.gemspec
I, [2014-01-01T16:56:37.704279 #13356]  INFO -- : 0:  sprockets-rails (2.0.1) from /home/manish/.rvm/gems/ruby-2.0.0-p353@railstutorial_rails_4_0/specifications/sprockets-rails-2.0.1.gemspec
I, [2014-01-01T16:56:37.705029 #13356]  INFO -- : 0:  rails (4.0.2) from /home/manish/.rvm/gems/ruby-2.0.0-p353@railstutorial_rails_4_0/specifications/rails-4.0.2.gemspec
I, [2014-01-01T16:56:37.705793 #13356]  INFO -- : 0:  rdoc (3.12.2) from /home/manish/.rvm/gems/ruby-2.0.0-p353@railstutorial_rails_4_0/specifications/rdoc-3.12.2.gemspec
I, [2014-01-01T16:56:42.134896 #13356]  INFO -- : 0:  rspec-core (2.13.1) from /home/manish/.rvm/gems/ruby-2.0.0-p353@railstutorial_rails_4_0/specifications/rspec-core-2.13.1.gemspec
I, [2014-01-01T16:56:44.236872 #13356]  INFO -- : 0:  rspec-expectations (2.13.0) from /home/manish/.rvm/gems/ruby-2.0.0-p353@railstutorial_rails_4_0/specifications/rspec-expectations-2.13.0.gemspec
I, [2014-01-01T16:56:46.173666 #13356]  INFO -- : 0:  rspec-mocks (2.13.1) from /home/manish/.rvm/gems/ruby-2.0.0-p353@railstutorial_rails_4_0/specifications/rspec-mocks-2.13.1.gemspec
I, [2014-01-01T16:56:47.933296 #13356]  INFO -- : 0:  rspec-rails (2.13.1) from /home/manish/.rvm/gems/ruby-2.0.0-p353@railstutorial_rails_4_0/specifications/rspec-rails-2.13.1.gemspec
I, [2014-01-01T16:56:49.401439 #13356]  INFO -- : 0:  rubyzip (0.9.9) from /home/manish/.rvm/gems/ruby-2.0.0-p353@railstutorial_rails_4_0/specifications/rubyzip-0.9.9.gemspec
I, [2014-01-01T16:56:49.402658 #13356]  INFO -- : 0:  sass (3.2.13) from /home/manish/.rvm/gems/ruby-2.0.0-p353@railstutorial_rails_4_0/specifications/sass-3.2.13.gemspec
I, [2014-01-01T16:56:49.403493 #13356]  INFO -- : 0:  sass-rails (4.0.1) from /home/manish/.rvm/gems/ruby-2.0.0-p353@railstutorial_rails_4_0/specifications/sass-rails-4.0.1.gemspec
I, [2014-01-01T16:56:49.404259 #13356]  INFO -- : 0:  sdoc (0.3.20) from /home/manish/.rvm/gems/ruby-2.0.0-p353@railstutorial_rails_4_0/specifications/sdoc-0.3.20.gemspec
I, [2014-01-01T16:56:50.591901 #13356]  INFO -- : 0:  websocket (1.0.7) from /home/manish/.rvm/gems/ruby-2.0.0-p353@railstutorial_rails_4_0/specifications/websocket-1.0.7.gemspec
I, [2014-01-01T16:56:57.717092 #13356]  INFO -- : 0:  selenium-webdriver (2.35.1) from /home/manish/.rvm/gems/ruby-2.0.0-p353@railstutorial_rails_4_0/specifications/selenium-webdriver-2.35.1.gemspec
I, [2014-01-01T16:56:57.718338 #13356]  INFO -- : 0:  sqlite3 (1.3.8) from /home/manish/.rvm/gems/ruby-2.0.0-p353@railstutorial_rails_4_0/specifications/sqlite3-1.3.8.gemspec
I, [2014-01-01T16:56:57.719265 #13356]  INFO -- : 0:  turbolinks (1.1.1) from /home/manish/.rvm/gems/ruby-2.0.0-p353@railstutorial_rails_4_0/specifications/turbolinks-1.1.1.gemspec
I, [2014-01-01T16:56:57.720067 #13356]  INFO -- : 0:  uglifier (2.1.1) from /home/manish/.rvm/gems/ruby-2.0.0-p353@railstutorial_rails_4_0/specifications/uglifier-2.1.1.gemspec
I, [2014-01-01T17:12:02.648010 #26236]  INFO -- : 0:  rake (10.1.1) from /home/manish/.rvm/gems/ruby-2.0.0-p353@railstutorial_rails_4_0/specifications/rake-10.1.1.gemspec
I, [2014-01-01T17:12:02.648601 #26236]  INFO -- : 0:  i18n (0.6.9) from /home/manish/.rvm/gems/ruby-2.0.0-p353@railstutorial_rails_4_0/specifications/i18n-0.6.9.gemspec
I, [2014-01-01T17:12:02.648909 #26236]  INFO -- : 0:  minitest (4.7.5) from /home/manish/.rvm/gems/ruby-2.0.0-p353@railstutorial_rails_4_0/specifications/minitest-4.7.5.gemspec
I, [2014-01-01T17:12:02.649172 #26236]  INFO -- : 0:  multi_json (1.8.2) from /home/manish/.rvm/gems/ruby-2.0.0-p353@railstutorial_rails_4_0/specifications/multi_json-1.8.2.gemspec
I, [2014-01-01T17:12:02.649436 #26236]  INFO -- : 0:  atomic (1.1.14) from /home/manish/.rvm/gems/ruby-2.0.0-p353@railstutorial_rails_4_0/specifications/atomic-1.1.14.gemspec
I, [2014-01-01T17:12:02.649678 #26236]  INFO -- : 0:  thread_safe (0.1.3) from /home/manish/.rvm/gems/ruby-2.0.0-p353@railstutorial_rails_4_0/specifications/thread_safe-0.1.3.gemspec
I, [2014-01-01T17:12:02.649913 #26236]  INFO -- : 0:  tzinfo (0.3.38) from /home/manish/.rvm/gems/ruby-2.0.0-p353@railstutorial_rails_4_0/specifications/tzinfo-0.3.38.gemspec
I, [2014-01-01T17:12:02.650140 #26236]  INFO -- : 0:  activesupport (4.0.2) from /home/manish/.rvm/gems/ruby-2.0.0-p353@railstutorial_rails_4_0/specifications/activesupport-4.0.2.gemspec
I, [2014-01-01T17:12:02.650372 #26236]  INFO -- : 0:  builder (3.1.4) from /home/manish/.rvm/gems/ruby-2.0.0-p353@railstutorial_rails_4_0/specifications/builder-3.1.4.gemspec
I, [2014-01-01T17:12:02.650628 #26236]  INFO -- : 0:  erubis (2.7.0) from /home/manish/.rvm/gems/ruby-2.0.0-p353@railstutorial_rails_4_0/specifications/erubis-2.7.0.gemspec
I, [2014-01-01T17:12:02.650866 #26236]  INFO -- : 0:  rack (1.5.2) from /home/manish/.rvm/gems/ruby-2.0.0-p353@railstutorial_rails_4_0/specifications/rack-1.5.2.gemspec
I, [2014-01-01T17:12:02.651098 #26236]  INFO -- : 0:  rack-test (0.6.2) from /home/manish/.rvm/gems/ruby-2.0.0-p353@railstutorial_rails_4_0/specifications/rack-test-0.6.2.gemspec
I, [2014-01-01T17:12:02.651320 #26236]  INFO -- : 0:  actionpack (4.0.2) from /home/manish/.rvm/gems/ruby-2.0.0-p353@railstutorial_rails_4_0/specifications/actionpack-4.0.2.gemspec
I, [2014-01-01T17:12:02.651564 #26236]  INFO -- : 0:  mime-types (1.25.1) from /home/manish/.rvm/gems/ruby-2.0.0-p353@railstutorial_rails_4_0/specifications/mime-types-1.25.1.gemspec
I, [2014-01-01T17:12:02.651790 #26236]  INFO -- : 0:  polyglot (0.3.3) from /home/manish/.rvm/gems/ruby-2.0.0-p353@railstutorial_rails_4_0/specifications/polyglot-0.3.3.gemspec
I, [2014-01-01T17:12:02.652033 #26236]  INFO -- : 0:  treetop (1.4.15) from /home/manish/.rvm/gems/ruby-2.0.0-p353@railstutorial_rails_4_0/specifications/treetop-1.4.15.gemspec
I, [2014-01-01T17:12:02.652258 #26236]  INFO -- : 0:  mail (2.5.4) from /home/manish/.rvm/gems/ruby-2.0.0-p353@railstutorial_rails_4_0/specifications/mail-2.5.4.gemspec
I, [2014-01-01T17:12:02.652488 #26236]  INFO -- : 0:  actionmailer (4.0.2) from /home/manish/.rvm/gems/ruby-2.0.0-p353@railstutorial_rails_4_0/specifications/actionmailer-4.0.2.gemspec
I, [2014-01-01T17:12:02.652709 #26236]  INFO -- : 0:  activemodel (4.0.2) from /home/manish/.rvm/gems/ruby-2.0.0-p353@railstutorial_rails_4_0/specifications/activemodel-4.0.2.gemspec
I, [2014-01-01T17:12:02.652936 #26236]  INFO -- : 0:  activerecord-deprecated_finders (1.0.3) from /home/manish/.rvm/gems/ruby-2.0.0-p353@railstutorial_rails_4_0/specifications/activerecord-deprecated_finders-1.0.3.gemspec
I, [2014-01-01T17:12:02.653167 #26236]  INFO -- : 0:  arel (4.0.1) from /home/manish/.rvm/gems/ruby-2.0.0-p353@railstutorial_rails_4_0/specifications/arel-4.0.1.gemspec
I, [2014-01-01T17:12:02.653416 #26236]  INFO -- : 0:  activerecord (4.0.2) from /home/manish/.rvm/gems/ruby-2.0.0-p353@railstutorial_rails_4_0/specifications/activerecord-4.0.2.gemspec
I, [2014-01-01T17:12:02.653657 #26236]  INFO -- : 0:  bundler (1.5.1) from /home/manish/.rvm/gems/ruby-2.0.0-p353@global/specifications/bundler-1.5.1.gemspec
I, [2014-01-01T17:12:02.653893 #26236]  INFO -- : 0:  mini_portile (0.5.2) from /home/manish/.rvm/gems/ruby-2.0.0-p353@railstutorial_rails_4_0/specifications/mini_portile-0.5.2.gemspec
I, [2014-01-01T17:12:02.654112 #26236]  INFO -- : 0:  nokogiri (1.6.1) from /home/manish/.rvm/gems/ruby-2.0.0-p353@railstutorial_rails_4_0/specifications/nokogiri-1.6.1.gemspec
I, [2014-01-01T17:12:02.654340 #26236]  INFO -- : 0:  xpath (2.0.0) from /home/manish/.rvm/gems/ruby-2.0.0-p353@railstutorial_rails_4_0/specifications/xpath-2.0.0.gemspec
I, [2014-01-01T17:12:02.654595 #26236]  INFO -- : 0:  capybara (2.1.0) from /home/manish/.rvm/gems/ruby-2.0.0-p353@railstutorial_rails_4_0/specifications/capybara-2.1.0.gemspec
I, [2014-01-01T17:12:02.654829 #26236]  INFO -- : 0:  ffi (1.9.3) from /home/manish/.rvm/gems/ruby-2.0.0-p353@railstutorial_rails_4_0/specifications/ffi-1.9.3.gemspec
I, [2014-01-01T17:12:02.655060 #26236]  INFO -- : 0:  childprocess (0.3.9) from /home/manish/.rvm/gems/ruby-2.0.0-p353@railstutorial_rails_4_0/specifications/childprocess-0.3.9.gemspec
I, [2014-01-01T17:12:02.655293 #26236]  INFO -- : 0:  coffee-script-source (1.6.3) from /home/manish/.rvm/gems/ruby-2.0.0-p353@railstutorial_rails_4_0/specifications/coffee-script-source-1.6.3.gemspec
I, [2014-01-01T17:12:02.655514 #26236]  INFO -- : 0:  execjs (2.0.2) from /home/manish/.rvm/gems/ruby-2.0.0-p353@railstutorial_rails_4_0/specifications/execjs-2.0.2.gemspec
I, [2014-01-01T17:12:02.655744 #26236]  INFO -- : 0:  coffee-script (2.2.0) from /home/manish/.rvm/gems/ruby-2.0.0-p353@railstutorial_rails_4_0/specifications/coffee-script-2.2.0.gemspec
I, [2014-01-01T17:12:02.655978 #26236]  INFO -- : 0:  thor (0.18.1) from /home/manish/.rvm/gems/ruby-2.0.0-p353@railstutorial_rails_4_0/specifications/thor-0.18.1.gemspec
I, [2014-01-01T17:12:02.656227 #26236]  INFO -- : 0:  railties (4.0.2) from /home/manish/.rvm/gems/ruby-2.0.0-p353@railstutorial_rails_4_0/specifications/railties-4.0.2.gemspec
I, [2014-01-01T17:12:02.656460 #26236]  INFO -- : 0:  coffee-rails (4.0.1) from /home/manish/.rvm/gems/ruby-2.0.0-p353@railstutorial_rails_4_0/specifications/coffee-rails-4.0.1.gemspec
I, [2014-01-01T17:12:02.656774 #26236]  INFO -- : 0:  diff-lcs (1.2.5) from /home/manish/.rvm/gems/ruby-2.0.0-p353@railstutorial_rails_4_0/specifications/diff-lcs-1.2.5.gemspec
I, [2014-01-01T17:12:02.657019 #26236]  INFO -- : 0:  hike (1.2.3) from /home/manish/.rvm/gems/ruby-2.0.0-p353@railstutorial_rails_4_0/specifications/hike-1.2.3.gemspec
I, [2014-01-01T17:12:02.657270 #26236]  INFO -- : 0:  jbuilder (1.0.2) from /home/manish/.rvm/gems/ruby-2.0.0-p353@railstutorial_rails_4_0/specifications/jbuilder-1.0.2.gemspec
I, [2014-01-01T17:12:02.657509 #26236]  INFO -- : 0:  jquery-rails (3.0.4) from /home/manish/.rvm/gems/ruby-2.0.0-p353@railstutorial_rails_4_0/specifications/jquery-rails-3.0.4.gemspec
I, [2014-01-01T17:12:02.657750 #26236]  INFO -- : 0:  json (1.8.1) from /home/manish/.rvm/gems/ruby-2.0.0-p353@railstutorial_rails_4_0/specifications/json-1.8.1.gemspec
I, [2014-01-01T17:12:02.657984 #26236]  INFO -- : 0:  tilt (1.4.1) from /home/manish/.rvm/gems/ruby-2.0.0-p353@railstutorial_rails_4_0/specifications/tilt-1.4.1.gemspec
I, [2014-01-01T17:12:02.658209 #26236]  INFO -- : 0:  sprockets (2.10.1) from /home/manish/.rvm/gems/ruby-2.0.0-p353@railstutorial_rails_4_0/specifications/sprockets-2.10.1.gemspec
I, [2014-01-01T17:12:02.658441 #26236]  INFO -- : 0:  sprockets-rails (2.0.1) from /home/manish/.rvm/gems/ruby-2.0.0-p353@railstutorial_rails_4_0/specifications/sprockets-rails-2.0.1.gemspec
I, [2014-01-01T17:12:02.658683 #26236]  INFO -- : 0:  rails (4.0.2) from /home/manish/.rvm/gems/ruby-2.0.0-p353@railstutorial_rails_4_0/specifications/rails-4.0.2.gemspec
I, [2014-01-01T17:12:02.658919 #26236]  INFO -- : 0:  rdoc (3.12.2) from /home/manish/.rvm/gems/ruby-2.0.0-p353@railstutorial_rails_4_0/specifications/rdoc-3.12.2.gemspec
I, [2014-01-01T17:12:02.659149 #26236]  INFO -- : 0:  rspec-core (2.13.1) from /home/manish/.rvm/gems/ruby-2.0.0-p353@railstutorial_rails_4_0/specifications/rspec-core-2.13.1.gemspec
I, [2014-01-01T17:12:02.659374 #26236]  INFO -- : 0:  rspec-expectations (2.13.0) from /home/manish/.rvm/gems/ruby-2.0.0-p353@railstutorial_rails_4_0/specifications/rspec-expectations-2.13.0.gemspec
I, [2014-01-01T17:12:02.659612 #26236]  INFO -- : 0:  rspec-mocks (2.13.1) from /home/manish/.rvm/gems/ruby-2.0.0-p353@railstutorial_rails_4_0/specifications/rspec-mocks-2.13.1.gemspec
I, [2014-01-01T17:12:02.659840 #26236]  INFO -- : 0:  rspec-rails (2.13.1) from /home/manish/.rvm/gems/ruby-2.0.0-p353@railstutorial_rails_4_0/specifications/rspec-rails-2.13.1.gemspec
I, [2014-01-01T17:12:02.660078 #26236]  INFO -- : 0:  rubyzip (0.9.9) from /home/manish/.rvm/gems/ruby-2.0.0-p353@railstutorial_rails_4_0/specifications/rubyzip-0.9.9.gemspec
I, [2014-01-01T17:12:02.660320 #26236]  INFO -- : 0:  sass (3.2.13) from /home/manish/.rvm/gems/ruby-2.0.0-p353@railstutorial_rails_4_0/specifications/sass-3.2.13.gemspec
I, [2014-01-01T17:12:02.660552 #26236]  INFO -- : 0:  sass-rails (4.0.1) from /home/manish/.rvm/gems/ruby-2.0.0-p353@railstutorial_rails_4_0/specifications/sass-rails-4.0.1.gemspec
I, [2014-01-01T17:12:02.660780 #26236]  INFO -- : 0:  sdoc (0.3.20) from /home/manish/.rvm/gems/ruby-2.0.0-p353@railstutorial_rails_4_0/specifications/sdoc-0.3.20.gemspec
I, [2014-01-01T17:12:02.660997 #26236]  INFO -- : 0:  websocket (1.0.7) from /home/manish/.rvm/gems/ruby-2.0.0-p353@railstutorial_rails_4_0/specifications/websocket-1.0.7.gemspec
I, [2014-01-01T17:12:02.661226 #26236]  INFO -- : 0:  selenium-webdriver (2.35.1) from /home/manish/.rvm/gems/ruby-2.0.0-p353@railstutorial_rails_4_0/specifications/selenium-webdriver-2.35.1.gemspec
I, [2014-01-01T17:12:02.661453 #26236]  INFO -- : 0:  sqlite3 (1.3.8) from /home/manish/.rvm/gems/ruby-2.0.0-p353@railstutorial_rails_4_0/specifications/sqlite3-1.3.8.gemspec
I, [2014-01-01T17:12:02.661690 #26236]  INFO -- : 0:  turbolinks (1.1.1) from /home/manish/.rvm/gems/ruby-2.0.0-p353@railstutorial_rails_4_0/specifications/turbolinks-1.1.1.gemspec
I, [2014-01-01T17:12:02.661924 #26236]  INFO -- : 0:  uglifier (2.1.1) from /home/manish/.rvm/gems/ruby-2.0.0-p353@railstutorial_rails_4_0/specifications/uglifier-2.1.1.gemspec
I, [2014-01-01T17:12:07.910414 #26238]  INFO -- : 0:  rake (10.1.1) from /home/manish/.rvm/gems/ruby-2.0.0-p353@railstutorial_rails_4_0/specifications/rake-10.1.1.gemspec
I, [2014-01-01T17:12:07.910842 #26238]  INFO -- : 0:  i18n (0.6.9) from /home/manish/.rvm/gems/ruby-2.0.0-p353@railstutorial_rails_4_0/specifications/i18n-0.6.9.gemspec
I, [2014-01-01T17:12:07.911099 #26238]  INFO -- : 0:  minitest (4.7.5) from /home/manish/.rvm/gems/ruby-2.0.0-p353@railstutorial_rails_4_0/specifications/minitest-4.7.5.gemspec
I, [2014-01-01T17:12:07.911338 #26238]  INFO -- : 0:  multi_json (1.8.2) from /home/manish/.rvm/gems/ruby-2.0.0-p353@railstutorial_rails_4_0/specifications/multi_json-1.8.2.gemspec
I, [2014-01-01T17:12:07.911573 #26238]  INFO -- : 0:  atomic (1.1.14) from /home/manish/.rvm/gems/ruby-2.0.0-p353@railstutorial_rails_4_0/specifications/atomic-1.1.14.gemspec
I, [2014-01-01T17:12:07.911803 #26238]  INFO -- : 0:  thread_safe (0.1.3) from /home/manish/.rvm/gems/ruby-2.0.0-p353@railstutorial_rails_4_0/specifications/thread_safe-0.1.3.gemspec
I, [2014-01-01T17:12:07.912032 #26238]  INFO -- : 0:  tzinfo (0.3.38) from /home/manish/.rvm/gems/ruby-2.0.0-p353@railstutorial_rails_4_0/specifications/tzinfo-0.3.38.gemspec
I, [2014-01-01T17:12:07.912260 #26238]  INFO -- : 0:  activesupport (4.0.2) from /home/manish/.rvm/gems/ruby-2.0.0-p353@railstutorial_rails_4_0/specifications/activesupport-4.0.2.gemspec
I, [2014-01-01T17:12:07.912485 #26238]  INFO -- : 0:  builder (3.1.4) from /home/manish/.rvm/gems/ruby-2.0.0-p353@railstutorial_rails_4_0/specifications/builder-3.1.4.gemspec
I, [2014-01-01T17:12:07.912710 #26238]  INFO -- : 0:  erubis (2.7.0) from /home/manish/.rvm/gems/ruby-2.0.0-p353@railstutorial_rails_4_0/specifications/erubis-2.7.0.gemspec
I, [2014-01-01T17:12:07.912939 #26238]  INFO -- : 0:  rack (1.5.2) from /home/manish/.rvm/gems/ruby-2.0.0-p353@railstutorial_rails_4_0/specifications/rack-1.5.2.gemspec
I, [2014-01-01T17:12:07.913163 #26238]  INFO -- : 0:  rack-test (0.6.2) from /home/manish/.rvm/gems/ruby-2.0.0-p353@railstutorial_rails_4_0/specifications/rack-test-0.6.2.gemspec
I, [2014-01-01T17:12:07.913388 #26238]  INFO -- : 0:  actionpack (4.0.2) from /home/manish/.rvm/gems/ruby-2.0.0-p353@railstutorial_rails_4_0/specifications/actionpack-4.0.2.gemspec
I, [2014-01-01T17:12:07.913614 #26238]  INFO -- : 0:  mime-types (1.25.1) from /home/manish/.rvm/gems/ruby-2.0.0-p353@railstutorial_rails_4_0/specifications/mime-types-1.25.1.gemspec
I, [2014-01-01T17:12:07.913838 #26238]  INFO -- : 0:  polyglot (0.3.3) from /home/manish/.rvm/gems/ruby-2.0.0-p353@railstutorial_rails_4_0/specifications/polyglot-0.3.3.gemspec
I, [2014-01-01T17:12:07.914060 #26238]  INFO -- : 0:  treetop (1.4.15) from /home/manish/.rvm/gems/ruby-2.0.0-p353@railstutorial_rails_4_0/specifications/treetop-1.4.15.gemspec
I, [2014-01-01T17:12:07.914291 #26238]  INFO -- : 0:  mail (2.5.4) from /home/manish/.rvm/gems/ruby-2.0.0-p353@railstutorial_rails_4_0/specifications/mail-2.5.4.gemspec
I, [2014-01-01T17:12:07.914532 #26238]  INFO -- : 0:  actionmailer (4.0.2) from /home/manish/.rvm/gems/ruby-2.0.0-p353@railstutorial_rails_4_0/specifications/actionmailer-4.0.2.gemspec
I, [2014-01-01T17:12:07.914765 #26238]  INFO -- : 0:  activemodel (4.0.2) from /home/manish/.rvm/gems/ruby-2.0.0-p353@railstutorial_rails_4_0/specifications/activemodel-4.0.2.gemspec
I, [2014-01-01T17:12:07.914998 #26238]  INFO -- : 0:  activerecord-deprecated_finders (1.0.3) from /home/manish/.rvm/gems/ruby-2.0.0-p353@railstutorial_rails_4_0/specifications/activerecord-deprecated_finders-1.0.3.gemspec
I, [2014-01-01T17:12:07.915220 #26238]  INFO -- : 0:  arel (4.0.1) from /home/manish/.rvm/gems/ruby-2.0.0-p353@railstutorial_rails_4_0/specifications/arel-4.0.1.gemspec
I, [2014-01-01T17:12:07.915448 #26238]  INFO -- : 0:  activerecord (4.0.2) from /home/manish/.rvm/gems/ruby-2.0.0-p353@railstutorial_rails_4_0/specifications/activerecord-4.0.2.gemspec
I, [2014-01-01T17:12:07.915673 #26238]  INFO -- : 0:  mini_portile (0.5.2) from /home/manish/.rvm/gems/ruby-2.0.0-p353@railstutorial_rails_4_0/specifications/mini_portile-0.5.2.gemspec
I, [2014-01-01T17:12:07.915924 #26238]  INFO -- : 0:  nokogiri (1.6.1) from /home/manish/.rvm/gems/ruby-2.0.0-p353@railstutorial_rails_4_0/specifications/nokogiri-1.6.1.gemspec
I, [2014-01-01T17:12:07.916147 #26238]  INFO -- : 0:  xpath (2.0.0) from /home/manish/.rvm/gems/ruby-2.0.0-p353@railstutorial_rails_4_0/specifications/xpath-2.0.0.gemspec
I, [2014-01-01T17:12:07.916369 #26238]  INFO -- : 0:  capybara (2.1.0) from /home/manish/.rvm/gems/ruby-2.0.0-p353@railstutorial_rails_4_0/specifications/capybara-2.1.0.gemspec
I, [2014-01-01T17:12:07.916596 #26238]  INFO -- : 0:  ffi (1.9.3) from /home/manish/.rvm/gems/ruby-2.0.0-p353@railstutorial_rails_4_0/specifications/ffi-1.9.3.gemspec
I, [2014-01-01T17:12:07.916821 #26238]  INFO -- : 0:  childprocess (0.3.9) from /home/manish/.rvm/gems/ruby-2.0.0-p353@railstutorial_rails_4_0/specifications/childprocess-0.3.9.gemspec
I, [2014-01-01T17:12:07.917048 #26238]  INFO -- : 0:  coffee-script-source (1.6.3) from /home/manish/.rvm/gems/ruby-2.0.0-p353@railstutorial_rails_4_0/specifications/coffee-script-source-1.6.3.gemspec
I, [2014-01-01T17:12:07.917283 #26238]  INFO -- : 0:  execjs (2.0.2) from /home/manish/.rvm/gems/ruby-2.0.0-p353@railstutorial_rails_4_0/specifications/execjs-2.0.2.gemspec
I, [2014-01-01T17:12:07.917513 #26238]  INFO -- : 0:  coffee-script (2.2.0) from /home/manish/.rvm/gems/ruby-2.0.0-p353@railstutorial_rails_4_0/specifications/coffee-script-2.2.0.gemspec
I, [2014-01-01T17:12:07.917878 #26238]  INFO -- : 0:  thor (0.18.1) from /home/manish/.rvm/gems/ruby-2.0.0-p353@railstutorial_rails_4_0/specifications/thor-0.18.1.gemspec
I, [2014-01-01T17:12:07.918116 #26238]  INFO -- : 0:  railties (4.0.2) from /home/manish/.rvm/gems/ruby-2.0.0-p353@railstutorial_rails_4_0/specifications/railties-4.0.2.gemspec
I, [2014-01-01T17:12:07.918380 #26238]  INFO -- : 0:  coffee-rails (4.0.1) from /home/manish/.rvm/gems/ruby-2.0.0-p353@railstutorial_rails_4_0/specifications/coffee-rails-4.0.1.gemspec
I, [2014-01-01T17:12:07.918642 #26238]  INFO -- : 0:  diff-lcs (1.2.5) from /home/manish/.rvm/gems/ruby-2.0.0-p353@railstutorial_rails_4_0/specifications/diff-lcs-1.2.5.gemspec
I, [2014-01-01T17:12:07.918883 #26238]  INFO -- : 0:  hike (1.2.3) from /home/manish/.rvm/gems/ruby-2.0.0-p353@railstutorial_rails_4_0/specifications/hike-1.2.3.gemspec
I, [2014-01-01T17:12:07.919171 #26238]  INFO -- : 0:  jbuilder (1.0.2) from /home/manish/.rvm/gems/ruby-2.0.0-p353@railstutorial_rails_4_0/specifications/jbuilder-1.0.2.gemspec
I, [2014-01-01T17:12:07.919433 #26238]  INFO -- : 0:  jquery-rails (3.0.4) from /home/manish/.rvm/gems/ruby-2.0.0-p353@railstutorial_rails_4_0/specifications/jquery-rails-3.0.4.gemspec
I, [2014-01-01T17:12:07.919679 #26238]  INFO -- : 0:  json (1.8.1) from /home/manish/.rvm/gems/ruby-2.0.0-p353@railstutorial_rails_4_0/specifications/json-1.8.1.gemspec
I, [2014-01-01T17:12:07.919903 #26238]  INFO -- : 0:  bundler (1.5.1) from /home/manish/.rvm/gems/ruby-2.0.0-p353@global/specifications/bundler-1.5.1.gemspec
I, [2014-01-01T17:12:07.920130 #26238]  INFO -- : 0:  tilt (1.4.1) from /home/manish/.rvm/gems/ruby-2.0.0-p353@railstutorial_rails_4_0/specifications/tilt-1.4.1.gemspec
I, [2014-01-01T17:12:07.920356 #26238]  INFO -- : 0:  sprockets (2.10.1) from /home/manish/.rvm/gems/ruby-2.0.0-p353@railstutorial_rails_4_0/specifications/sprockets-2.10.1.gemspec
I, [2014-01-01T17:12:07.920597 #26238]  INFO -- : 0:  sprockets-rails (2.0.1) from /home/manish/.rvm/gems/ruby-2.0.0-p353@railstutorial_rails_4_0/specifications/sprockets-rails-2.0.1.gemspec
I, [2014-01-01T17:12:07.920826 #26238]  INFO -- : 0:  rails (4.0.2) from /home/manish/.rvm/gems/ruby-2.0.0-p353@railstutorial_rails_4_0/specifications/rails-4.0.2.gemspec
I, [2014-01-01T17:12:07.921058 #26238]  INFO -- : 0:  rdoc (3.12.2) from /home/manish/.rvm/gems/ruby-2.0.0-p353@railstutorial_rails_4_0/specifications/rdoc-3.12.2.gemspec
I, [2014-01-01T17:12:07.921286 #26238]  INFO -- : 0:  rspec-core (2.13.1) from /home/manish/.rvm/gems/ruby-2.0.0-p353@railstutorial_rails_4_0/specifications/rspec-core-2.13.1.gemspec
I, [2014-01-01T17:12:07.921534 #26238]  INFO -- : 0:  rspec-expectations (2.13.0) from /home/manish/.rvm/gems/ruby-2.0.0-p353@railstutorial_rails_4_0/specifications/rspec-expectations-2.13.0.gemspec
I, [2014-01-01T17:12:07.921775 #26238]  INFO -- : 0:  rspec-mocks (2.13.1) from /home/manish/.rvm/gems/ruby-2.0.0-p353@railstutorial_rails_4_0/specifications/rspec-mocks-2.13.1.gemspec
I, [2014-01-01T17:12:07.922006 #26238]  INFO -- : 0:  rspec-rails (2.13.1) from /home/manish/.rvm/gems/ruby-2.0.0-p353@railstutorial_rails_4_0/specifications/rspec-rails-2.13.1.gemspec
I, [2014-01-01T17:12:07.922239 #26238]  INFO -- : 0:  rubyzip (0.9.9) from /home/manish/.rvm/gems/ruby-2.0.0-p353@railstutorial_rails_4_0/specifications/rubyzip-0.9.9.gemspec
I, [2014-01-01T17:12:07.922471 #26238]  INFO -- : 0:  sass (3.2.13) from /home/manish/.rvm/gems/ruby-2.0.0-p353@railstutorial_rails_4_0/specifications/sass-3.2.13.gemspec
I, [2014-01-01T17:12:07.922731 #26238]  INFO -- : 0:  sass-rails (4.0.1) from /home/manish/.rvm/gems/ruby-2.0.0-p353@railstutorial_rails_4_0/specifications/sass-rails-4.0.1.gemspec
I, [2014-01-01T17:12:07.922961 #26238]  INFO -- : 0:  sdoc (0.3.20) from /home/manish/.rvm/gems/ruby-2.0.0-p353@railstutorial_rails_4_0/specifications/sdoc-0.3.20.gemspec
I, [2014-01-01T17:12:07.923189 #26238]  INFO -- : 0:  websocket (1.0.7) from /home/manish/.rvm/gems/ruby-2.0.0-p353@railstutorial_rails_4_0/specifications/websocket-1.0.7.gemspec
I, [2014-01-01T17:12:07.923417 #26238]  INFO -- : 0:  selenium-webdriver (2.35.1) from /home/manish/.rvm/gems/ruby-2.0.0-p353@railstutorial_rails_4_0/specifications/selenium-webdriver-2.35.1.gemspec
I, [2014-01-01T17:12:07.923648 #26238]  INFO -- : 0:  sqlite3 (1.3.8) from /home/manish/.rvm/gems/ruby-2.0.0-p353@railstutorial_rails_4_0/specifications/sqlite3-1.3.8.gemspec
I, [2014-01-01T17:12:07.923895 #26238]  INFO -- : 0:  turbolinks (1.1.1) from /home/manish/.rvm/gems/ruby-2.0.0-p353@railstutorial_rails_4_0/specifications/turbolinks-1.1.1.gemspec
I, [2014-01-01T17:12:07.924135 #26238]  INFO -- : 0:  uglifier (2.1.1) from /home/manish/.rvm/gems/ruby-2.0.0-p353@railstutorial_rails_4_0/specifications/uglifier-2.1.1.gemspec
